<?xml version="1.0" encoding="UTF-8"?>
<!-- Generated by org.testng.reporters.JUnitXMLReporter -->
<testsuite ignored="0" hostname="DESKTOP-2JBFBCA" failures="0" tests="3" name="Default test" time="18.294" errors="0" timestamp="31 Jan 2023 16:53:18 GMT">
  <testcase classname="swagLabs.testCases.LoginPageTest" name="loginPageTitleTest" time="0.042"/>
  <testcase classname="swagLabs.testCases.LoginPageTest" name="swagLogoImageTest" time="0.176"/>
  <testcase classname="swagLabs.testCases.LoginPageTest" name="loginTest" time="5.772"/>
</testsuite> <!-- Default test -->
