<?xml version="1.0" encoding="UTF-8"?>
<!-- Generated by org.testng.reporters.JUnitXMLReporter -->
<testsuite ignored="2" hostname="DESKTOP-2JBFBCA" failures="0" tests="1" name="Swag Labs App Test Cases(failed)(failed)" time="4.96" errors="0" timestamp="30 Jan 2023 17:35:31 GMT">
  <testcase classname="swagLabs.testCases.LoginPageTest" name="loginPageTitleTest" time="0.067"/>
  <testcase classname="swagLabs.testCases.LoginPageTest" name="swagLogoImageTest" time="0.0">
    <ignored/>
  </testcase> <!-- swagLogoImageTest -->
  <testcase classname="swagLabs.testCases.LoginPageTest" name="loginTest" time="0.0">
    <ignored/>
  </testcase> <!-- loginTest -->
</testsuite> <!-- Swag Labs App Test Cases(failed)(failed) -->
